/*C2*/SET SCHEMA PUBLIC
CREATE TABLE IF NOT EXISTS AL_CONFIGURATION ( PROPERTY_NAME VARCHAR(255) NOT NULL UNIQUE , PROPERTY_VALUE LONGVARCHAR ) 
CREATE TABLE IF NOT EXISTS AL_GROUPS ( GROUP_NAME VARCHAR(255) NOT NULL PRIMARY KEY , DESCRIPTION LONGVARCHAR ) 
CREATE TABLE IF NOT EXISTS AL_TABLES ( TABLE_NAME VARCHAR(255) NOT NULL PRIMARY KEY , GROUP_NAME VARCHAR(255) , DESCRIPTION LONGVARCHAR ) 
CREATE TABLE IF NOT EXISTS AL_CUSTOM_TYPE ( TABLE_NAME VARCHAR(255) , COLUMN_NAME VARCHAR(255) , TYPE VARCHAR(255) , NAME VARCHAR(255) ) 
CREATE TABLE IF NOT EXISTS AL_VIEWS ( VIEW_NAME VARCHAR(255) NOT NULL UNIQUE , VIEW_DEFINITION LONGVARCHAR , IS_VALID BOOLEAN ) 
CREATE TABLE IF NOT EXISTS AL_SELECTED_LOG_OBJECTS ( NAME VARCHAR(255) NOT NULL UNIQUE , TYPE VARCHAR(255) ) 
CREATE TABLE IF NOT EXISTS AL_DB_OBJECTS ( NAME VARCHAR(255) NOT NULL UNIQUE , TYPE VARCHAR(255) , USAGE VARCHAR(255) ) 
/*C3*/SET SCHEMA PUBLIC
DISCONNECT
/*C4*/SET SCHEMA PUBLIC
DISCONNECT
/*C2*/CREATE TABLE fuel_costs ( al_id INT IDENTITY , fuel_costs_eur_mwh INTEGER NULL , natural_gas INTEGER NULL , unit LONGVARCHAR NULL , oil LONGVARCHAR NULL , unit1 LONGVARCHAR NULL , coal INTEGER NULL , unit2 LONGVARCHAR NULL , hydrogen LONGVARCHAR NULL , biomass_local LONGVARCHAR NULL , biomass_international LONGVARCHAR NULL , uranium INTEGER NULL ) 
INSERT INTO AL_TABLES VALUES('fuel_costs',NULL,'')
COMMIT
CREATE TABLE general_technologies ( al_id INT IDENTITY , type LONGVARCHAR NULL , technology LONGVARCHAR NULL , scale LONGVARCHAR NULL , eff_e DOUBLE NULL , eff_th DOUBLE NULL , eff_fuel_output DOUBLE NULL , availability_factor DOUBLE NULL , mc_mwh DOUBLE NULL , fom_mw_y DOUBLE NULL , vom_mwh DOUBLE NULL , vom_flh DOUBLE NULL , ic_mw DOUBLE NULL , installation_costs_mw INTEGER NULL , decommissioning_costs_mwh INTEGER NULL , lifetime_years INTEGER NULL , cop DOUBLE NULL , flh DOUBLE NULL , installed_cap_2015_etm DOUBLE NULL , size_average_unit_mw DOUBLE NULL , size_heat_mwth DOUBLE NULL , size_storage_mwh DOUBLE NULL , part_load_efficiency_penalty DOUBLE NULL , part_load_operating_point DOUBLE NULL , availability DOUBLE NULL , construction_time DOUBLE NULL , type1 LONGVARCHAR NULL , fuel_primary LONGVARCHAR NULL , fuel_secondary LONGVARCHAR NULL , share_fuel_sec DOUBLE NULL , co2_emissions_t_mwh LONGVARCHAR NULL , land_use_per_unit_km2 LONGVARCHAR NULL , wacc DOUBLE NULL , ets_1_yes_0_no INTEGER NULL ) 
INSERT INTO AL_TABLES VALUES('general_technologies',NULL,'')
COMMIT
/*C5*/SET SCHEMA PUBLIC
INSERT INTO FUEL_COSTS VALUES(0,2019,15,'\u20ac/MWh',NULL,NULL,58,'\u20ac/Mton',NULL,NULL,NULL,69)
INSERT INTO FUEL_COSTS VALUES(1,2020,15,NULL,NULL,NULL,58,NULL,NULL,NULL,NULL,69)
INSERT INTO FUEL_COSTS VALUES(2,2021,15,NULL,NULL,NULL,58,NULL,NULL,NULL,NULL,69)
INSERT INTO FUEL_COSTS VALUES(3,2022,15,NULL,NULL,NULL,58,NULL,NULL,NULL,NULL,69)
INSERT INTO FUEL_COSTS VALUES(4,2023,15,NULL,NULL,NULL,58,NULL,NULL,NULL,NULL,69)
INSERT INTO FUEL_COSTS VALUES(5,2024,15,NULL,NULL,NULL,58,NULL,NULL,NULL,NULL,69)
INSERT INTO FUEL_COSTS VALUES(6,2025,15,NULL,NULL,NULL,58,NULL,NULL,NULL,NULL,69)
INSERT INTO FUEL_COSTS VALUES(7,2026,15,NULL,NULL,NULL,58,NULL,NULL,NULL,NULL,69)
INSERT INTO FUEL_COSTS VALUES(8,2027,15,NULL,NULL,NULL,58,NULL,NULL,NULL,NULL,69)
INSERT INTO FUEL_COSTS VALUES(9,2028,15,NULL,NULL,NULL,58,NULL,NULL,NULL,NULL,69)
INSERT INTO FUEL_COSTS VALUES(10,2029,15,NULL,NULL,NULL,58,NULL,NULL,NULL,NULL,69)
INSERT INTO FUEL_COSTS VALUES(11,2030,15,NULL,NULL,NULL,58,NULL,NULL,NULL,NULL,69)
INSERT INTO FUEL_COSTS VALUES(12,2031,15,NULL,NULL,NULL,58,NULL,NULL,NULL,NULL,69)
INSERT INTO FUEL_COSTS VALUES(13,2032,15,NULL,NULL,NULL,58,NULL,NULL,NULL,NULL,69)
INSERT INTO FUEL_COSTS VALUES(14,2033,15,NULL,NULL,NULL,58,NULL,NULL,NULL,NULL,69)
INSERT INTO FUEL_COSTS VALUES(15,2034,15,NULL,NULL,NULL,58,NULL,NULL,NULL,NULL,69)
INSERT INTO FUEL_COSTS VALUES(16,2035,15,NULL,NULL,NULL,58,NULL,NULL,NULL,NULL,69)
INSERT INTO FUEL_COSTS VALUES(17,2036,15,NULL,NULL,NULL,58,NULL,NULL,NULL,NULL,69)
INSERT INTO FUEL_COSTS VALUES(18,2037,15,NULL,NULL,NULL,58,NULL,NULL,NULL,NULL,69)
INSERT INTO FUEL_COSTS VALUES(19,2038,15,NULL,NULL,NULL,58,NULL,NULL,NULL,NULL,69)
INSERT INTO FUEL_COSTS VALUES(20,2039,15,NULL,NULL,NULL,58,NULL,NULL,NULL,NULL,69)
INSERT INTO FUEL_COSTS VALUES(21,2040,15,NULL,NULL,NULL,58,NULL,NULL,NULL,NULL,69)
INSERT INTO FUEL_COSTS VALUES(22,2041,15,NULL,NULL,NULL,58,NULL,NULL,NULL,NULL,69)
INSERT INTO FUEL_COSTS VALUES(23,2042,15,NULL,NULL,NULL,58,NULL,NULL,NULL,NULL,69)
INSERT INTO FUEL_COSTS VALUES(24,2043,15,NULL,NULL,NULL,58,NULL,NULL,NULL,NULL,69)
INSERT INTO FUEL_COSTS VALUES(25,2044,15,NULL,NULL,NULL,58,NULL,NULL,NULL,NULL,69)
INSERT INTO FUEL_COSTS VALUES(26,2045,15,NULL,NULL,NULL,58,NULL,NULL,NULL,NULL,69)
INSERT INTO FUEL_COSTS VALUES(27,2046,15,NULL,NULL,NULL,58,NULL,NULL,NULL,NULL,69)
INSERT INTO FUEL_COSTS VALUES(28,2047,15,NULL,NULL,NULL,58,NULL,NULL,NULL,NULL,69)
INSERT INTO FUEL_COSTS VALUES(29,2048,15,NULL,NULL,NULL,58,NULL,NULL,NULL,NULL,69)
INSERT INTO FUEL_COSTS VALUES(30,2049,15,NULL,NULL,NULL,58,NULL,NULL,NULL,NULL,69)
INSERT INTO FUEL_COSTS VALUES(31,2050,15,NULL,NULL,NULL,58,NULL,NULL,NULL,NULL,69)
COMMIT
INSERT INTO GENERAL_TECHNOLOGIES VALUES(0,'Renewable electricity',NULL,NULL,0.0E0,0.0E0,0.0E0,0.9E0,0.0E0,0.0E0,0.0E0,0.0E0,0.0E0,0,0,0,0.0E0,0.0E0,NULL,3.0E0,NULL,NULL,0.1E0,0.7E0,0.95E0,1.0E0,'Volatile','Wind',NULL,NULL,NULL,'0.2',0.0E0,1)
INSERT INTO GENERAL_TECHNOLOGIES VALUES(1,'Wind','Onshore','Utility',0.97E0,0.0E0,0.0E0,0.9E0,0.0E0,17310.0E0,0.0E0,0.0E0,1104900.0E0,165100,0,20,0.0E0,2300.0E0,NULL,3.0E0,NULL,NULL,0.1E0,0.7E0,0.95E0,1.5E0,'Volatile','Wind',NULL,NULL,NULL,'0.5',0.0E0,1)
INSERT INTO GENERAL_TECHNOLOGIES VALUES(2,'Wind','Offshore','Utility',0.97E0,0.0E0,0.0E0,0.9E0,0.0E0,101000.0E0,0.0E0,0.0E0,2755200.0E0,688800,0,20,0.0E0,3500.0E0,NULL,NULL,NULL,NULL,NULL,NULL,NULL,NULL,'Volatile',NULL,NULL,NULL,NULL,NULL,NULL,NULL)
INSERT INTO GENERAL_TECHNOLOGIES VALUES(3,'Wind','Airborne','Utility',0.97E0,0.0E0,0.0E0,0.9E0,0.0E0,0.0E0,0.0E0,0.0E0,0.0E0,0,0,0,0.0E0,0.0E0,913.53E0,2.72E-4,NULL,NULL,0.1E0,0.7E0,0.98E0,0.3E0,'Volatile','Solar',NULL,NULL,NULL,'1.632E-6',0.04E0,0)
INSERT INTO GENERAL_TECHNOLOGIES VALUES(4,'Solar','Roof','Household',0.17E0,0.0E0,0.0E0,0.9E0,0.0E0,17000.0E0,0.0E0,0.0E0,799000.0E0,501000,0,25,0.0E0,867.0E0,345.99E0,2.72E-4,NULL,NULL,0.1E0,0.7E0,0.98E0,0.3E0,'Volatile','Solar',NULL,NULL,NULL,'1.6000000000000001E-6',0.02E0,0)
INSERT INTO GENERAL_TECHNOLOGIES VALUES(5,'Solar','Roof','Buildings',0.17E0,0.0E0,0.0E0,0.9E0,0.0E0,15900.0E0,0.0E0,0.0E0,871000.0E0,50000,0,25,0.0E0,867.0E0,NULL,20.0E0,NULL,NULL,0.1E0,0.7E0,0.98E0,0.5E0,'Volatile','Solar',NULL,NULL,NULL,'0.3',0.04E0,0)
INSERT INTO GENERAL_TECHNOLOGIES VALUES(6,'Solar','Field','Utility',0.17E0,1.0E0,0.0E0,0.9E0,0.0E0,15000.0E0,0.0E0,0.0E0,1155000.0E0,0,0,20,0.0E0,791.67E0,NULL,NULL,0.001E0,NULL,NULL,NULL,NULL,0.3E0,'Volatile','Solar',NULL,NULL,NULL,NULL,0.02E0,0)
INSERT INTO GENERAL_TECHNOLOGIES VALUES(7,'Solar','Roof thermal','Household',0.9E0,1.0E0,0.0E0,0.9E0,0.0E0,10502.857142857143E0,0.0E0,0.0E0,825000.0E0,0,0,20,0.0E0,791.67E0,NULL,NULL,0.175E0,NULL,NULL,NULL,NULL,0.3E0,'Volatile','Solar',NULL,NULL,NULL,NULL,0.04E0,0)
INSERT INTO GENERAL_TECHNOLOGIES VALUES(8,'Solar','Roof thermal','Building',0.9E0,0.0E0,0.0E0,0.9E0,0.0E0,0.0E0,0.0E0,0.0E0,0.0E0,0,0,0,0.0E0,0.0E0,NULL,NULL,NULL,NULL,NULL,NULL,0.98E0,NULL,'Volatile',NULL,NULL,NULL,NULL,NULL,NULL,NULL)
INSERT INTO GENERAL_TECHNOLOGIES VALUES(9,'Solar','PVT','Household',0.98E0,0.0E0,0.0E0,0.9E0,0.0E0,835350.0E0,0.0E0,0.0E0,3341000.0E0,0,0,50,0.0E0,2515.0E0,NULL,10.0E0,NULL,NULL,0.1E0,0.7E0,0.98E0,2.0E0,'Volatile','Water',NULL,NULL,NULL,NULL,0.04E0,NULL)
INSERT INTO GENERAL_TECHNOLOGIES VALUES(10,'Hydro','Hydro','Utility',0.32E0,0.0E0,0.0E0,0.9E0,5.63E0,25483.0E0,0.0E0,0.0E0,2052000.0E0,0,1,50,0.0E0,7800.0E0,509.0E0,1650.0E0,NULL,NULL,0.1E0,0.7E0,0.87E0,6.0E0,'Must-run','Uranium',NULL,NULL,NULL,'5.0',0.07E0,1)
INSERT INTO GENERAL_TECHNOLOGIES VALUES(11,'Nuclear','Nuclear','Utility',0.36E0,0.0E0,0.0E0,0.9E0,5.63E0,25483.0E0,3.878787878787879E0,6400.0E0,3400000.0E0,0,1,60,0.0E0,7800.0E0,0.0E0,1650.0E0,NULL,NULL,0.1E0,0.7E0,0.92E0,6.0E0,'Must-run','Uranium',NULL,NULL,NULL,'5.0',0.07E0,1)
INSERT INTO GENERAL_TECHNOLOGIES VALUES(12,'Nuclear','3th gen','Utility',0.25E0,0.0E0,0.0E0,0.9E0,0.47E0,0.0E0,1.2E0,6288.0E0,4500000.0E0,0,0,20,0.0E0,5000.0E0,726.2E0,55.56E0,NULL,1.2576E0,0.1E0,0.7E0,0.9E0,3.5E0,'Must-run','Renewable fraction','Non-renewable fraction',NULL,NULL,'0.3',0.04E0,1)
INSERT INTO GENERAL_TECHNOLOGIES VALUES(13,'Waste','Municipal waste incineration','Utility',0.27E0,0.15E0,0.0E0,0.9E0,0.47E0,80000.0E0,0.0E0,0.0E0,2700000.0E0,0,0,30,0.0E0,6000.0E0,726.2E0,60.0E0,33.3E0,NULL,0.1E0,0.7E0,0.9E0,3.5E0,'Must-run','Renewable fraction','Non-renewable fraction',NULL,NULL,'0.1',0.04E0,1)
INSERT INTO GENERAL_TECHNOLOGIES VALUES(14,'Waste','Municipal waste incineration CHP','Utility',NULL,NULL,NULL,NULL,NULL,NULL,NULL,NULL,NULL,NULL,NULL,NULL,NULL,NULL,NULL,NULL,NULL,NULL,NULL,NULL,NULL,NULL,NULL,NULL,NULL,NULL,NULL,NULL,NULL,NULL)
INSERT INTO GENERAL_TECHNOLOGIES VALUES(15,'Electricity production from biomass',NULL,NULL,0.29E0,0.82E0,0.0E0,0.9E0,29.96E0,44369.0E0,0.0E0,0.0E0,3600000.0E0,0,0,25,0.0E0,5448.0E0,31.95E0,NULL,NULL,NULL,NULL,NULL,0.9E0,NULL,'Must-run','Biomass',NULL,NULL,NULL,'0.1',0.04E0,1)
INSERT INTO GENERAL_TECHNOLOGIES VALUES(16,'Biomass','CHP',NULL,0.0E0,0.0E0,0.6E0,0.9E0,0.0E0,135714.0E0,0.0E0,0.0E0,1857142.0E0,0,0,40,0.0E0,8000.0E0,0.0E0,NULL,NULL,NULL,NULL,NULL,NULL,NULL,NULL,'Biomass',NULL,NULL,NULL,NULL,0.04E0,1)
INSERT INTO GENERAL_TECHNOLOGIES VALUES(17,'Biomass','Gasification dry',NULL,0.0E0,0.0E0,0.68E0,0.9E0,0.0E0,150000.0E0,0.0E0,0.0E0,950000.0E0,0,0,40,0.0E0,8000.0E0,0.0E0,NULL,NULL,NULL,NULL,NULL,NULL,NULL,NULL,'Biomass',NULL,NULL,NULL,NULL,0.07E0,1)
INSERT INTO GENERAL_TECHNOLOGIES VALUES(18,'Biomass','Gasification wet (SCW)',NULL,0.0E0,0.0E0,0.54E0,0.9E0,0.0E0,158400.0E0,0.0E0,0.0E0,384001.0E0,0,0,12,0.0E0,8000.0E0,864.87E0,NULL,NULL,NULL,NULL,NULL,NULL,NULL,NULL,'Biomass',NULL,NULL,NULL,NULL,0.04E0,1)
INSERT INTO GENERAL_TECHNOLOGIES VALUES(19,'Biomass','Digestion',NULL,0.0E0,0.0E0,0.0E0,0.9E0,0.0E0,0.0E0,0.0E0,0.0E0,0.0E0,0,0,0,0.0E0,0.0E0,NULL,NULL,NULL,NULL,NULL,NULL,NULL,NULL,NULL,NULL,NULL,NULL,NULL,NULL,NULL,NULL)
INSERT INTO GENERAL_TECHNOLOGIES VALUES(20,'Biomass','Boilers companies, electricity',NULL,0.0E0,0.0E0,0.0E0,0.9E0,0.0E0,0.0E0,0.0E0,0.0E0,0.0E0,0,0,0,0.0E0,0.0E0,NULL,NULL,NULL,NULL,NULL,NULL,NULL,NULL,NULL,NULL,NULL,NULL,NULL,NULL,NULL,NULL)
INSERT INTO GENERAL_TECHNOLOGIES VALUES(21,'Electricity production from biogas',NULL,NULL,NULL,NULL,NULL,NULL,NULL,NULL,NULL,NULL,NULL,NULL,NULL,NULL,NULL,NULL,NULL,NULL,NULL,NULL,NULL,NULL,NULL,NULL,NULL,NULL,NULL,NULL,NULL,NULL,NULL,NULL)
INSERT INTO GENERAL_TECHNOLOGIES VALUES(22,'Biogas','OCGT',NULL,NULL,NULL,NULL,NULL,NULL,NULL,NULL,NULL,NULL,NULL,NULL,NULL,NULL,NULL,NULL,NULL,NULL,NULL,NULL,NULL,NULL,NULL,NULL,NULL,NULL,NULL,NULL,NULL,NULL,NULL)
INSERT INTO GENERAL_TECHNOLOGIES VALUES(23,'Biogas','CHP',NULL,0.43E0,0.47E0,0.0E0,0.9E0,0.0E0,0.0E0,0.0E0,16.0E0,600000.0E0,0,0,20,0.0E0,8000.0E0,136.59E0,NULL,NULL,NULL,NULL,NULL,0.9E0,NULL,'Must-run','Biomass',NULL,NULL,NULL,'0.1',0.04E0,1)
INSERT INTO GENERAL_TECHNOLOGIES VALUES(24,'Biogas','Landfills',NULL,0.0E0,0.0E0,0.0E0,0.9E0,0.0E0,0.0E0,0.0E0,0.0E0,0.0E0,0,0,0,0.0E0,0.0E0,NULL,NULL,NULL,NULL,NULL,NULL,NULL,NULL,NULL,NULL,NULL,NULL,NULL,NULL,NULL,NULL)
INSERT INTO GENERAL_TECHNOLOGIES VALUES(25,'Biogas','Sewage water purification',NULL,0.0E0,0.0E0,0.0E0,0.9E0,0.0E0,0.0E0,0.0E0,0.0E0,0.0E0,0,0,0,0.0E0,0.0E0,NULL,NULL,NULL,NULL,NULL,NULL,NULL,NULL,NULL,NULL,NULL,NULL,NULL,NULL,NULL,NULL)
INSERT INTO GENERAL_TECHNOLOGIES VALUES(26,'Biogas','Co-digestion',NULL,0.0E0,0.0E0,0.0E0,0.9E0,0.0E0,0.0E0,0.0E0,0.0E0,0.0E0,0,0,0,0.0E0,0.0E0,NULL,NULL,NULL,NULL,NULL,NULL,NULL,NULL,NULL,NULL,NULL,NULL,NULL,NULL,NULL,NULL)
INSERT INTO GENERAL_TECHNOLOGIES VALUES(27,'Biogas','Other',NULL,0.0E0,0.0E0,0.0E0,0.9E0,0.0E0,0.0E0,0.0E0,0.0E0,0.0E0,0,0,0,0.0E0,0.0E0,NULL,NULL,NULL,NULL,NULL,NULL,NULL,NULL,NULL,NULL,NULL,NULL,NULL,NULL,NULL,NULL)
INSERT INTO GENERAL_TECHNOLOGIES VALUES(28,'Electricity production from hydrogen',NULL,NULL,NULL,NULL,NULL,NULL,NULL,NULL,NULL,NULL,NULL,NULL,NULL,NULL,NULL,NULL,NULL,NULL,NULL,NULL,NULL,NULL,NULL,NULL,NULL,NULL,NULL,NULL,NULL,NULL,NULL,NULL)
INSERT INTO GENERAL_TECHNOLOGIES VALUES(29,'Hydrogen','OCGT',NULL,0.34E0,0.0E0,0.0E0,0.9E0,0.0E0,6181.0E0,0.0E0,416.0E0,535921.0E0,0,0,40,0.0E0,0.0E0,0.0E0,NULL,NULL,NULL,NULL,NULL,0.9E0,1.0E0,'Dispatchable','Hydrogen',NULL,NULL,NULL,'0.1',0.07E0,1)
INSERT INTO GENERAL_TECHNOLOGIES VALUES(30,'Hydrogen','CCGT',NULL,0.6E0,0.0E0,0.0E0,0.9E0,0.0E0,10000.0E0,2.5E0,2000.0E0,750000.0E0,0,0,30,0.0E0,1750.0E0,0.0E0,800.0E0,NULL,NULL,0.046E0,0.7E0,0.9E0,2.5E0,'Dispatchable','Hydrogen',NULL,NULL,NULL,'0.1',0.07E0,1)
INSERT INTO GENERAL_TECHNOLOGIES VALUES(31,'Fossil-fueled power plants',NULL,NULL,NULL,NULL,NULL,NULL,NULL,NULL,NULL,NULL,NULL,NULL,NULL,NULL,NULL,NULL,NULL,NULL,NULL,NULL,NULL,NULL,NULL,NULL,NULL,NULL,NULL,NULL,NULL,NULL,NULL,NULL)
INSERT INTO GENERAL_TECHNOLOGIES VALUES(32,'Oil','Internal combustion engines CHP (decentral)',NULL,0.0E0,0.0E0,0.0E0,0.9E0,50.8E0,0.0E0,0.0E0,0.0E0,0.0E0,0,0,0,0.0E0,3361.0E0,3153.6E0,NULL,NULL,NULL,NULL,NULL,NULL,NULL,'Dispatchable','Natural Gas',NULL,NULL,NULL,NULL,NULL,NULL)
INSERT INTO GENERAL_TECHNOLOGIES VALUES(33,'Oil','Internal combustion engines CHP (industrial)',NULL,0.0E0,0.0E0,0.0E0,0.9E0,53.07E0,0.0E0,0.0E0,0.0E0,0.0E0,0,0,0,0.0E0,1300.0E0,731.8E0,NULL,NULL,NULL,NULL,NULL,NULL,NULL,'Dispatchable','Natural Gas',NULL,NULL,NULL,NULL,NULL,NULL)
INSERT INTO GENERAL_TECHNOLOGIES VALUES(34,'Coal','Conventional',NULL,0.36E0,0.0E0,0.0E0,0.9E0,29.97E0,24268.0E0,2.080042127435492E0,1580.0E0,987500.0E0,0,0,45,0.0E0,4400.0E0,2110.0E0,2110.0E0,NULL,NULL,NULL,NULL,0.89E0,4.0E0,'Dispatchable','Coal',NULL,NULL,NULL,'0.3',0.04E0,1)
INSERT INTO GENERAL_TECHNOLOGIES VALUES(35,'Coal','CHP',NULL,0.4E0,0.15E0,0.0E0,0.9E0,20.52E0,46400.0E0,2.2E0,1530.43E0,1700000.0E0,0,0,40,0.0E0,4500.0E0,1352.1E0,695.65E0,260.87E0,NULL,NULL,NULL,0.9E0,4.0E0,'Dispatchable','Coal',NULL,NULL,NULL,'0.3',0.04E0,1)
INSERT INTO GENERAL_TECHNOLOGIES VALUES(36,'Coal','CHP with biomass',NULL,0.37E0,0.15E0,0.0E0,0.9E0,40.89E0,48000.0E0,2.4E0,1544.35E0,2050000.0E0,0,0,40,0.0E0,4500.0E0,19.5E0,643.5E0,260.867E0,NULL,NULL,NULL,0.9E0,4.0E0,'Dispatchable','Coal','Biomass',0.5E0,NULL,'0.3',0.04E0,1)
INSERT INTO GENERAL_TECHNOLOGIES VALUES(37,'Coal','Pulverized',NULL,0.46E0,0.0E0,0.0E0,0.9E0,23.64E0,20000.0E0,1.728E0,1382.4E0,1400000.0E0,0,0,40,0.0E0,7900.0E0,2.44E0,800.0E0,NULL,NULL,0.046E0,0.7E0,0.9E0,4.0E0,'Dispatchable','Coal',NULL,NULL,NULL,'0.3',0.04E0,1)
INSERT INTO GENERAL_TECHNOLOGIES VALUES(38,'Coal','Pulverized with biomass',NULL,0.42E0,0.0E0,0.0E0,0.9E0,49.55E0,21900.0E0,1.9E0,1382.5E0,1750000.0E0,0,0,40,0.0E0,7900.0E0,NULL,730.4E0,NULL,NULL,0.046E0,0.7E0,0.88E0,4.0E0,'Dispatchable','Coal','Biomass',0.5E0,NULL,'0.3',0.04E0,1)
INSERT INTO GENERAL_TECHNOLOGIES VALUES(39,'Coal','Gasification',NULL,0.45E0,0.0E0,0.0E0,0.9E0,0.0E0,20000.0E0,0.89E0,801.0E0,1928094.0E0,0,0,30,0.0E0,6570.0E0,0.0E0,900.0E0,NULL,NULL,NULL,NULL,0.9E0,5.0E0,'Dispatchable','Coal',NULL,NULL,NULL,'0.3',NULL,1)
INSERT INTO GENERAL_TECHNOLOGIES VALUES(40,'Natural gas','CCGT',NULL,0.6E0,0.0E0,0.0E0,0.9E0,32.68E0,10000.0E0,2.5E0,2000.0E0,750000.0E0,0,0,30,0.0E0,1750.0E0,NULL,NULL,NULL,NULL,NULL,0.7E0,0.9E0,2.5E0,'Dispatchable','Natural Gas',NULL,NULL,NULL,'0.1',0.04E0,1)
INSERT INTO GENERAL_TECHNOLOGIES VALUES(41,'Natural gas','CCGT CHP',NULL,0.46E0,0.42E0,0.0E0,0.9E0,23.55E0,9130.434749999999E0,3.0E0,328.7E0,958695.6521666667E0,0,0,30,0.0E0,4500.0E0,190.0E0,120.0E0,109.6E0,NULL,NULL,NULL,0.9E0,2.5E0,'Dispatchable','Natural Gas',NULL,NULL,NULL,'0.1',0.04E0,1)
INSERT INTO GENERAL_TECHNOLOGIES VALUES(42,'Natural gas','OCGT',NULL,0.36E0,0.15E0,0.0E0,0.9E0,53.95E0,7500.0E0,3.76E0,282.0E0,749000.0E0,0,0,40,0.0E0,200.0E0,NULL,75.0E0,NULL,NULL,NULL,0.65E0,0.9E0,1.0E0,'Dispatchable','Natural Gas',NULL,NULL,NULL,'0.1',0.04E0,1)
INSERT INTO GENERAL_TECHNOLOGIES VALUES(43,'Natural gas','Gas turbines CHP',NULL,0.43E0,0.47E0,0.0E0,0.9E0,0.0E0,0.0E0,5.079365079365079E0,16.0E0,600000.0E0,0,0,20,0.0E0,3000.0E0,3.15E0,NULL,NULL,NULL,NULL,NULL,0.9E0,1.0E0,'Dispatchable','Natural Gas',NULL,NULL,NULL,'0.1',0.04E0,1)
INSERT INTO GENERAL_TECHNOLOGIES VALUES(44,'Natural gas','Conventional',NULL,0.4E0,0.0E0,0.0E0,0.9E0,48.59E0,1710.0E0,1.98E0,1584.0E0,396000.0E0,0,0,30,0.0E0,1000.0E0,NULL,800.0E0,NULL,NULL,NULL,NULL,0.9E0,2.5E0,'Dispatchable','Natural Gas',NULL,NULL,NULL,'0.3',0.04E0,1)
INSERT INTO GENERAL_TECHNOLOGIES VALUES(45,'Natural gas','Engine',NULL,0.0E0,0.0E0,0.0E0,0.9E0,0.0E0,6000.0E0,2.0E0,800.0E0,650000.0E0,0,0,25,0.0E0,1.0E0,NULL,400.0E0,NULL,NULL,0.0E0,0.14E0,0.95E0,1.0E0,'Dispatchable','Natural Gas',NULL,NULL,NULL,'0.1',0.04E0,1)
INSERT INTO GENERAL_TECHNOLOGIES VALUES(46,'Geothermal',NULL,NULL,NULL,NULL,NULL,NULL,NULL,NULL,NULL,NULL,NULL,NULL,NULL,NULL,NULL,NULL,NULL,NULL,NULL,NULL,NULL,NULL,NULL,NULL,NULL,NULL,NULL,NULL,NULL,NULL,NULL,NULL)
INSERT INTO GENERAL_TECHNOLOGIES VALUES(47,'Geothermal','Power',NULL,0.25E0,0.0E0,0.0E0,0.9E0,0.0E0,38100.0E0,0.0E0,0.0E0,4442000.0E0,0,0,30,0.0E0,8000.0E0,NULL,10.0E0,NULL,NULL,0.1E0,0.7E0,0.95E0,2.5E0,'Must-run','Geothermal',NULL,NULL,NULL,'0.1',0.04E0,1)
INSERT INTO GENERAL_TECHNOLOGIES VALUES(48,'Geothermal','Heat',NULL,0.0E0,0.0E0,0.0E0,0.9E0,0.0E0,10100.0E0,1.9285714285714286E0,27.0E0,1909000.0E0,0,0,30,23.04E0,6000.0E0,NULL,NULL,14.0E0,NULL,NULL,NULL,NULL,NULL,NULL,NULL,NULL,NULL,NULL,NULL,0.04E0,1)
INSERT INTO GENERAL_TECHNOLOGIES VALUES(49,'Heat',NULL,NULL,NULL,NULL,NULL,NULL,NULL,NULL,NULL,NULL,NULL,NULL,NULL,NULL,NULL,NULL,NULL,NULL,NULL,NULL,NULL,NULL,NULL,NULL,NULL,NULL,NULL,NULL,NULL,NULL,NULL,NULL)
INSERT INTO GENERAL_TECHNOLOGIES VALUES(50,'Heat pump','Air-water','Household',0.0E0,4.5004500450045E0,0.0E0,0.9E0,0.0E0,10000.0E0,0.0E0,0.0E0,909800.0E0,0,0,15,3.5E0,0.0E0,NULL,NULL,0.01E0,NULL,NULL,NULL,NULL,NULL,NULL,'Electricity','Air',NULL,NULL,NULL,0.02E0,NULL)
INSERT INTO GENERAL_TECHNOLOGIES VALUES(51,'Heat pump','Ground-water','Household',0.0E0,4.761904761904762E0,0.0E0,0.9E0,0.0E0,10000.0E0,0.0E0,0.0E0,1390400.0E0,0,0,15,5.0E0,0.0E0,NULL,NULL,0.01E0,NULL,NULL,NULL,NULL,NULL,NULL,'Electricity','Ground water',NULL,NULL,NULL,0.02E0,0)
INSERT INTO GENERAL_TECHNOLOGIES VALUES(52,'Heat pump','Hybrid','Household',0.0E0,0.0E0,0.0E0,0.9E0,0.0E0,40816.32653061225E0,0.0E0,0.0E0,779387.7551020408E0,0,0,15,0.0E0,0.0E0,NULL,NULL,0.0049E0,NULL,NULL,NULL,NULL,NULL,NULL,'Electricity','Air and natural gas',NULL,NULL,NULL,0.02E0,0)
INSERT INTO GENERAL_TECHNOLOGIES VALUES(53,'Heat pump','Air-water','Building',0.0E0,0.0E0,0.0E0,0.9E0,0.0E0,40816.32653061225E0,0.0E0,0.0E0,500000.0E0,0,0,15,3.5E0,0.0E0,NULL,NULL,1.0E0,NULL,NULL,NULL,NULL,NULL,NULL,'Electricity','Air',NULL,NULL,NULL,0.02E0,0)
INSERT INTO GENERAL_TECHNOLOGIES VALUES(54,'Heat pump','Ground-water','Building',0.0E0,0.0E0,0.0E0,0.9E0,0.0E0,5000.0E0,0.0E0,0.0E0,500000.0E0,0,0,15,5.0E0,0.0E0,NULL,NULL,1.0E0,NULL,NULL,NULL,NULL,NULL,NULL,'Electricity','Ground water',NULL,NULL,NULL,0.04E0,1)
INSERT INTO GENERAL_TECHNOLOGIES VALUES(55,'Heat pumpt','Water-water','Building',0.0E0,0.0E0,0.0E0,0.9E0,0.0E0,5000.0E0,0.0E0,0.0E0,500000.0E0,0,0,15,5.0E0,0.0E0,NULL,NULL,0.49E0,NULL,NULL,NULL,NULL,NULL,NULL,'Electricity','Surface water',NULL,NULL,NULL,0.04E0,1)
INSERT INTO GENERAL_TECHNOLOGIES VALUES(56,'Heat pump','Hybrid','Building',0.0E0,0.0E0,0.0E0,0.9E0,0.0E0,40816.32653061225E0,0.0E0,0.0E0,500000.0E0,0,0,15,0.0E0,0.0E0,NULL,NULL,NULL,NULL,NULL,NULL,NULL,NULL,NULL,'Electricity','Air and natural gas',NULL,NULL,NULL,0.04E0,1)
INSERT INTO GENERAL_TECHNOLOGIES VALUES(57,'Resistive heater','Decentral',NULL,0.0E0,0.0E0,0.0E0,0.9E0,0.0E0,0.0E0,0.0E0,0.0E0,0.0E0,0,0,0,0.0E0,0.0E0,NULL,NULL,NULL,NULL,NULL,NULL,NULL,NULL,NULL,'Electricity',NULL,NULL,NULL,NULL,NULL,NULL)
INSERT INTO GENERAL_TECHNOLOGIES VALUES(58,'Resistive heater','Central',NULL,0.0E0,0.0E0,0.0E0,0.9E0,0.0E0,0.0E0,0.0E0,0.0E0,0.0E0,0,0,0,0.0E0,0.0E0,NULL,NULL,NULL,NULL,NULL,NULL,NULL,NULL,NULL,'Electricity',NULL,NULL,NULL,NULL,NULL,NULL)
INSERT INTO GENERAL_TECHNOLOGIES VALUES(59,'Gas boiler','Decentral household',NULL,0.0E0,1.07E0,0.0E0,0.9E0,0.0E0,4454.545454545455E0,0.0E0,0.0E0,97022.27272727272E0,0,0,15,0.0E0,0.0E0,NULL,NULL,0.022E0,NULL,NULL,NULL,NULL,NULL,NULL,'Natural Gas',NULL,NULL,NULL,NULL,0.02E0,0)
INSERT INTO GENERAL_TECHNOLOGIES VALUES(60,'Gas boiler','Decentral building',NULL,0.0E0,1.07E0,0.0E0,0.9E0,0.0E0,3023.2558139534885E0,0.0E0,0.0E0,46511.62790697675E0,0,0,15,0.0E0,0.0E0,NULL,NULL,0.043E0,NULL,NULL,NULL,NULL,NULL,NULL,'Natural Gas',NULL,NULL,NULL,NULL,NULL,NULL)
INSERT INTO GENERAL_TECHNOLOGIES VALUES(61,'Gas boiler','Central',NULL,0.0E0,1.03E0,0.0E0,0.9E0,0.0E0,2000.0E0,1.0E0,5.0E0,60000.0E0,0,0,25,0.0E0,3321.43E0,NULL,NULL,5.0E0,NULL,NULL,NULL,NULL,NULL,NULL,'Natural Gas',NULL,NULL,NULL,NULL,NULL,NULL)
INSERT INTO GENERAL_TECHNOLOGIES VALUES(62,'Hydrogen boiler','Central',NULL,0.0E0,1.1E0,0.0E0,0.9E0,0.0E0,2000.0E0,0.0E0,0.0E0,60000.0E0,0,0,25,0.0E0,0.0E0,NULL,NULL,5.0E0,NULL,NULL,NULL,NULL,NULL,NULL,'Hydrogen',NULL,NULL,NULL,NULL,0.04E0,1)
INSERT INTO GENERAL_TECHNOLOGIES VALUES(63,'CHP','Decentral',NULL,0.0E0,0.0E0,0.0E0,0.9E0,0.0E0,0.0E0,0.0E0,0.0E0,0.0E0,0,0,0,0.0E0,0.0E0,NULL,NULL,NULL,NULL,NULL,NULL,NULL,NULL,NULL,NULL,NULL,NULL,NULL,NULL,NULL,NULL)
INSERT INTO GENERAL_TECHNOLOGIES VALUES(64,'CHP','Central',NULL,0.0E0,0.0E0,0.0E0,0.9E0,0.0E0,0.0E0,0.0E0,0.0E0,0.0E0,0,0,0,0.0E0,0.0E0,NULL,NULL,NULL,NULL,NULL,NULL,NULL,NULL,NULL,NULL,NULL,NULL,NULL,NULL,NULL,NULL)
INSERT INTO GENERAL_TECHNOLOGIES VALUES(65,'Solar','Thermal',NULL,0.0E0,0.6E0,0.0E0,0.9E0,0.0E0,29405.6652360515E0,0.0E0,0.0E0,4005722.4463519314E0,0,0,25,0.0E0,684.0E0,NULL,NULL,23.3E0,NULL,NULL,NULL,NULL,NULL,NULL,'Solar',NULL,NULL,NULL,NULL,0.04E0,1)
INSERT INTO GENERAL_TECHNOLOGIES VALUES(66,'Biomass','Boiler',NULL,0.0E0,0.9E0,0.0E0,0.9E0,0.0E0,25999.999999999996E0,0.0E0,0.0E0,490999.99999999994E0,0,0,15,0.0E0,1478.01E0,NULL,NULL,16.67E0,NULL,NULL,NULL,NULL,NULL,NULL,'Biomass',NULL,NULL,NULL,NULL,0.04E0,1)
INSERT INTO GENERAL_TECHNOLOGIES VALUES(67,'Waste','Incineration boiler',NULL,0.0E0,1.05E0,0.0E0,0.9E0,0.0E0,81.32101092896175E0,0.0E0,0.0E0,1880000.0E0,0,0,25,0.0E0,0.0E0,NULL,NULL,36.6E0,NULL,NULL,NULL,NULL,NULL,NULL,'Waste',NULL,NULL,NULL,NULL,0.04E0,1)
INSERT INTO GENERAL_TECHNOLOGIES VALUES(68,'Storage',NULL,NULL,NULL,NULL,NULL,NULL,NULL,NULL,NULL,NULL,NULL,NULL,NULL,NULL,NULL,NULL,NULL,NULL,NULL,NULL,NULL,NULL,NULL,NULL,NULL,NULL,NULL,NULL,NULL,NULL,NULL,NULL)
INSERT INTO GENERAL_TECHNOLOGIES VALUES(69,'BEV',NULL,NULL,0.0E0,0.0E0,0.0E0,0.9E0,0.0E0,0.0E0,0.0E0,0.0E0,0.0E0,0,0,0,0.0E0,0.0E0,NULL,NULL,NULL,NULL,NULL,NULL,NULL,NULL,NULL,NULL,NULL,NULL,NULL,NULL,NULL,NULL)
INSERT INTO GENERAL_TECHNOLOGIES VALUES(70,'Battery','Stationary commercial',NULL,0.9E0,0.0E0,0.0E0,0.9E0,0.0E0,0.0E0,0.0E0,0.0E0,1172536.08247423E0,0,0,10,0.0E0,0.0E0,NULL,0.005E0,NULL,0.0097E0,NULL,NULL,NULL,NULL,NULL,'Electricity',NULL,NULL,NULL,NULL,0.02E0,0)
INSERT INTO GENERAL_TECHNOLOGIES VALUES(71,'Battery','Stationary utility',NULL,0.0E0,0.0E0,0.0E0,0.9E0,0.0E0,0.0E0,0.0E0,0.0E0,0.0E0,0,0,0,0.0E0,0.0E0,NULL,NULL,NULL,NULL,NULL,NULL,NULL,NULL,NULL,NULL,NULL,NULL,NULL,NULL,NULL,NULL)
INSERT INTO GENERAL_TECHNOLOGIES VALUES(72,'Hydrogen','Electrolysis',NULL,0.0E0,0.0E0,0.66E0,0.9E0,0.0E0,12600.0E0,0.0E0,0.0E0,1000000.0E0,0,0,10,0.0E0,0.0E0,NULL,NULL,NULL,10.0E0,NULL,NULL,0.98E0,NULL,NULL,NULL,NULL,NULL,NULL,NULL,NULL,NULL)
INSERT INTO GENERAL_TECHNOLOGIES VALUES(73,'Hydrogen','Fuel cell',NULL,0.0E0,0.0E0,0.0E0,0.9E0,0.0E0,0.0E0,0.0E0,0.0E0,0.0E0,0,0,0,0.0E0,0.0E0,NULL,NULL,NULL,NULL,NULL,NULL,NULL,NULL,NULL,NULL,NULL,NULL,NULL,NULL,NULL,NULL)
INSERT INTO GENERAL_TECHNOLOGIES VALUES(74,'Hydrogen','Storage steel tank',NULL,0.0E0,0.0E0,0.0E0,0.9E0,0.0E0,0.0E0,0.0E0,0.0E0,0.0E0,0,0,0,0.0E0,0.0E0,NULL,NULL,NULL,NULL,NULL,NULL,NULL,NULL,NULL,NULL,NULL,NULL,NULL,NULL,NULL,NULL)
INSERT INTO GENERAL_TECHNOLOGIES VALUES(75,'Hydrogen','Storage underground',NULL,0.0E0,0.0E0,0.0E0,0.9E0,0.0E0,0.0E0,0.0E0,0.0E0,0.0E0,0,0,0,0.0E0,0.0E0,NULL,NULL,NULL,NULL,NULL,NULL,NULL,NULL,NULL,NULL,NULL,NULL,NULL,NULL,NULL,NULL)
INSERT INTO GENERAL_TECHNOLOGIES VALUES(76,'Methanation','Methanation',NULL,0.0E0,0.0E0,0.0E0,0.9E0,0.0E0,0.0E0,0.0E0,0.0E0,0.0E0,0,0,0,0.0E0,0.0E0,NULL,NULL,NULL,NULL,NULL,NULL,NULL,NULL,NULL,NULL,NULL,NULL,NULL,NULL,NULL,NULL)
INSERT INTO GENERAL_TECHNOLOGIES VALUES(77,'Thermal Energy Storages','Aquifer thermal energy storage (ATES)',NULL,0.0E0,3.7037037037037033E0,0.0E0,0.9E0,0.0E0,30013.333333333332E0,43.0E0,0.0E0,423777.77777777775E0,0,0,15,0.0E0,0.0E0,NULL,NULL,2.25E0,NULL,NULL,NULL,NULL,NULL,NULL,'Electricity',NULL,NULL,NULL,'Building',0.04E0,0)
INSERT INTO GENERAL_TECHNOLOGIES VALUES(78,'Thermal Energy Storages','Pit thermal energy storage (PTES)',NULL,0.0E0,0.75E0,0.0E0,0.9E0,0.0E0,0.0E0,58.0E0,0.0E0,0.0E0,0,0,0,0.0E0,0.0E0,NULL,NULL,NULL,NULL,NULL,NULL,NULL,NULL,NULL,NULL,NULL,NULL,NULL,NULL,NULL,NULL)
INSERT INTO GENERAL_TECHNOLOGIES VALUES(79,'Thermal Energy Storages','Tank thermal energy storage (TTES)',NULL,0.0E0,0.7E0,0.0E0,0.9E0,0.0E0,0.0E0,83.0E0,0.0E0,0.0E0,0,0,0,0.0E0,0.0E0,NULL,NULL,NULL,NULL,NULL,NULL,NULL,NULL,NULL,NULL,NULL,NULL,NULL,NULL,NULL,NULL)
INSERT INTO GENERAL_TECHNOLOGIES VALUES(80,'Thermal Energy Storages','Bore-hole thermal energy storage (BTES)',NULL,0.0E0,0.5E0,0.0E0,0.9E0,0.0E0,0.0E0,79.0E0,0.0E0,0.0E0,0,0,0,0.0E0,0.0E0,NULL,NULL,NULL,NULL,NULL,NULL,NULL,NULL,NULL,NULL,NULL,NULL,NULL,NULL,NULL,NULL)
INSERT INTO GENERAL_TECHNOLOGIES VALUES(81,'Thermal Energy Storages','Ecovat',NULL,0.0E0,0.9E0,0.0E0,0.9E0,0.0E0,0.0E0,86.0E0,0.0E0,0.0E0,0,0,0,0.0E0,0.0E0,NULL,NULL,NULL,NULL,NULL,NULL,NULL,NULL,NULL,NULL,NULL,NULL,NULL,NULL,NULL,NULL)
INSERT INTO GENERAL_TECHNOLOGIES VALUES(82,'Transport and distribution',NULL,NULL,NULL,NULL,NULL,NULL,NULL,NULL,NULL,NULL,NULL,NULL,NULL,NULL,NULL,NULL,NULL,NULL,NULL,NULL,NULL,NULL,NULL,NULL,NULL,NULL,NULL,NULL,NULL,NULL,NULL,NULL)
INSERT INTO GENERAL_TECHNOLOGIES VALUES(83,'HVDC overhead','HVDC overhead',NULL,0.0E0,0.0E0,0.0E0,0.9E0,0.0E0,0.0E0,0.0E0,0.0E0,0.0E0,0,0,0,0.0E0,0.0E0,NULL,NULL,NULL,NULL,NULL,NULL,NULL,NULL,NULL,'Electricity',NULL,NULL,NULL,NULL,NULL,NULL)
INSERT INTO GENERAL_TECHNOLOGIES VALUES(84,'HVDC inverter pair','HVDC inverter pair',NULL,0.0E0,0.0E0,0.0E0,0.9E0,0.0E0,0.0E0,0.0E0,0.0E0,0.0E0,0,0,0,0.0E0,0.0E0,NULL,NULL,NULL,NULL,NULL,NULL,NULL,NULL,NULL,'Electricity',NULL,NULL,NULL,NULL,NULL,NULL)
INSERT INTO GENERAL_TECHNOLOGIES VALUES(85,'District heating modern','District heating modern',NULL,0.0E0,0.85E0,0.0E0,0.9E0,0.0E0,0.0E0,0.0E0,0.0E0,0.0E0,0,0,0,0.0E0,0.0E0,NULL,NULL,NULL,NULL,NULL,NULL,NULL,NULL,NULL,'Heat',NULL,NULL,NULL,NULL,NULL,NULL)
INSERT INTO GENERAL_TECHNOLOGIES VALUES(86,'District heating old','District heating old',NULL,0.0E0,0.75E0,0.0E0,0.9E0,0.0E0,0.0E0,0.0E0,0.0E0,0.0E0,0,0,0,0.0E0,0.0E0,NULL,NULL,NULL,NULL,NULL,NULL,NULL,NULL,NULL,NULL,NULL,NULL,NULL,NULL,NULL,NULL)
COMMIT
DISCONNECT
/*C2*/DISCONNECT
/*C6*/SET SCHEMA PUBLIC
DISCONNECT
/*C8*/SET SCHEMA PUBLIC
DISCONNECT
/*C7*/SET SCHEMA PUBLIC
DISCONNECT
/*C10*/SET SCHEMA PUBLIC
DISCONNECT
/*C9*/SET SCHEMA PUBLIC
DISCONNECT
/*C11*/SET SCHEMA PUBLIC
DISCONNECT
/*C13*/SET SCHEMA PUBLIC
DISCONNECT
/*C12*/SET SCHEMA PUBLIC
DISCONNECT
/*C15*/SET SCHEMA PUBLIC
DISCONNECT
/*C14*/SET SCHEMA PUBLIC
DISCONNECT
/*C17*/SET SCHEMA PUBLIC
DISCONNECT
/*C16*/SET SCHEMA PUBLIC
DISCONNECT
/*C18*/SET SCHEMA PUBLIC
DISCONNECT
/*C19*/SET SCHEMA PUBLIC
DISCONNECT
/*C21*/SET SCHEMA PUBLIC
DISCONNECT
/*C20*/SET SCHEMA PUBLIC
DISCONNECT
/*C22*/SET SCHEMA PUBLIC
DISCONNECT
/*C23*/SET SCHEMA PUBLIC
CREATE TABLE prop_power_curve_3_mw ( al_id INT IDENTITY , m_s DOUBLE NULL , k_w DOUBLE NULL ) 
INSERT INTO AL_TABLES VALUES('prop_power_curve_3_mw',NULL,'')
COMMIT
CREATE TABLE prop_power_curve_8_mw ( al_id INT IDENTITY , m_s INTEGER NULL , kw INTEGER NULL ) 
INSERT INTO AL_TABLES VALUES('prop_power_curve_8_mw',NULL,'')
COMMIT
CREATE TABLE prop_power_curve_4_2_mw ( al_id INT IDENTITY , wind_speed_ms INTEGER NULL , power_k_w INTEGER NULL , ce DOUBLE NULL , w INTEGER NULL , ct DOUBLE NULL ) 
INSERT INTO AL_TABLES VALUES('prop_power_curve_4_2_mw',NULL,'')
COMMIT
/*C24*/SET SCHEMA PUBLIC
INSERT INTO PROP_POWER_CURVE_3_MW VALUES(0,3.0E0,31.232E0)
INSERT INTO PROP_POWER_CURVE_3_MW VALUES(1,3.285E0,77.044E0)
INSERT INTO PROP_POWER_CURVE_3_MW VALUES(2,3.56E0,115.345E0)
INSERT INTO PROP_POWER_CURVE_3_MW VALUES(3,3.7E0,140.656E0)
INSERT INTO PROP_POWER_CURVE_3_MW VALUES(4,3.84E0,170.793E0)
INSERT INTO PROP_POWER_CURVE_3_MW VALUES(5,3.98E0,204.305E0)
INSERT INTO PROP_POWER_CURVE_3_MW VALUES(6,4.12E0,239.74E0)
INSERT INTO PROP_POWER_CURVE_3_MW VALUES(7,4.26E0,275.648E0)
INSERT INTO PROP_POWER_CURVE_3_MW VALUES(8,4.4E0,310.576E0)
INSERT INTO PROP_POWER_CURVE_3_MW VALUES(9,4.54E0,343.072E0)
INSERT INTO PROP_POWER_CURVE_3_MW VALUES(10,4.68E0,371.685E0)
INSERT INTO PROP_POWER_CURVE_3_MW VALUES(11,4.82E0,394.963E0)
INSERT INTO PROP_POWER_CURVE_3_MW VALUES(12,4.96E0,435.605E0)
INSERT INTO PROP_POWER_CURVE_3_MW VALUES(13,5.1E0,478.633E0)
INSERT INTO PROP_POWER_CURVE_3_MW VALUES(14,5.24E0,514.923E0)
INSERT INTO PROP_POWER_CURVE_3_MW VALUES(15,5.38E0,552.843E0)
INSERT INTO PROP_POWER_CURVE_3_MW VALUES(16,5.52E0,580.956E0)
INSERT INTO PROP_POWER_CURVE_3_MW VALUES(17,5.66E0,637.821E0)
INSERT INTO PROP_POWER_CURVE_3_MW VALUES(18,5.8E0,685.648E0)
INSERT INTO PROP_POWER_CURVE_3_MW VALUES(19,5.94E0,743.515E0)
INSERT INTO PROP_POWER_CURVE_3_MW VALUES(20,6.08E0,774.769E0)
INSERT INTO PROP_POWER_CURVE_3_MW VALUES(21,6.22E0,831.85E0)
INSERT INTO PROP_POWER_CURVE_3_MW VALUES(22,6.36E0,895.446E0)
INSERT INTO PROP_POWER_CURVE_3_MW VALUES(23,6.5E0,963.403E0)
INSERT INTO PROP_POWER_CURVE_3_MW VALUES(24,6.64E0,1041.207E0)
INSERT INTO PROP_POWER_CURVE_3_MW VALUES(25,6.78E0,1109.552E0)
INSERT INTO PROP_POWER_CURVE_3_MW VALUES(26,6.92E0,1189.572E0)
INSERT INTO PROP_POWER_CURVE_3_MW VALUES(27,7.06E0,1259.943E0)
INSERT INTO PROP_POWER_CURVE_3_MW VALUES(28,7.2E0,1333.801E0)
INSERT INTO PROP_POWER_CURVE_3_MW VALUES(29,7.34E0,1425.692E0)
INSERT INTO PROP_POWER_CURVE_3_MW VALUES(30,7.48E0,1541.704E0)
INSERT INTO PROP_POWER_CURVE_3_MW VALUES(31,7.62E0,1616.968E0)
INSERT INTO PROP_POWER_CURVE_3_MW VALUES(32,7.76E0,1736.938E0)
INSERT INTO PROP_POWER_CURVE_3_MW VALUES(33,7.9E0,1820.572E0)
INSERT INTO PROP_POWER_CURVE_3_MW VALUES(34,8.04E0,1887.371E0)
INSERT INTO PROP_POWER_CURVE_3_MW VALUES(35,8.18E0,1955.498E0)
INSERT INTO PROP_POWER_CURVE_3_MW VALUES(36,8.32E0,2053.232E0)
INSERT INTO PROP_POWER_CURVE_3_MW VALUES(37,8.46E0,2126.206E0)
INSERT INTO PROP_POWER_CURVE_3_MW VALUES(38,8.6E0,2184.142E0)
INSERT INTO PROP_POWER_CURVE_3_MW VALUES(39,8.74E0,2255.27E0)
INSERT INTO PROP_POWER_CURVE_3_MW VALUES(40,8.88E0,2316.292E0)
INSERT INTO PROP_POWER_CURVE_3_MW VALUES(41,9.02E0,2376.955E0)
INSERT INTO PROP_POWER_CURVE_3_MW VALUES(42,9.16E0,2408.429E0)
INSERT INTO PROP_POWER_CURVE_3_MW VALUES(43,9.3E0,2456.135E0)
INSERT INTO PROP_POWER_CURVE_3_MW VALUES(44,9.44E0,2510.53E0)
INSERT INTO PROP_POWER_CURVE_3_MW VALUES(45,9.58E0,2567.133E0)
INSERT INTO PROP_POWER_CURVE_3_MW VALUES(46,9.72E0,2621.466E0)
INSERT INTO PROP_POWER_CURVE_3_MW VALUES(47,9.86E0,2669.05E0)
INSERT INTO PROP_POWER_CURVE_3_MW VALUES(48,10.0E0,2706.388E0)
INSERT INTO PROP_POWER_CURVE_3_MW VALUES(49,10.14E0,2749.067E0)
INSERT INTO PROP_POWER_CURVE_3_MW VALUES(50,10.28E0,2775.356E0)
INSERT INTO PROP_POWER_CURVE_3_MW VALUES(51,10.42E0,2808.667E0)
INSERT INTO PROP_POWER_CURVE_3_MW VALUES(52,10.56E0,2847.914E0)
INSERT INTO PROP_POWER_CURVE_3_MW VALUES(53,10.7E0,2888.377E0)
INSERT INTO PROP_POWER_CURVE_3_MW VALUES(54,10.84E0,2925.336E0)
INSERT INTO PROP_POWER_CURVE_3_MW VALUES(55,10.98E0,2954.07E0)
INSERT INTO PROP_POWER_CURVE_3_MW VALUES(56,11.12E0,2967.777E0)
INSERT INTO PROP_POWER_CURVE_3_MW VALUES(57,11.26E0,2982.788E0)
INSERT INTO PROP_POWER_CURVE_3_MW VALUES(58,11.4E0,2990.92E0)
INSERT INTO PROP_POWER_CURVE_3_MW VALUES(59,11.986E0,3000.0E0)
INSERT INTO PROP_POWER_CURVE_3_MW VALUES(60,12.879E0,3000.0E0)
INSERT INTO PROP_POWER_CURVE_3_MW VALUES(61,22.5E0,3000.0E0)
COMMIT
INSERT INTO PROP_POWER_CURVE_8_MW VALUES(0,1,0)
INSERT INTO PROP_POWER_CURVE_8_MW VALUES(1,2,0)
INSERT INTO PROP_POWER_CURVE_8_MW VALUES(2,3,0)
INSERT INTO PROP_POWER_CURVE_8_MW VALUES(3,4,100)
INSERT INTO PROP_POWER_CURVE_8_MW VALUES(4,5,650)
INSERT INTO PROP_POWER_CURVE_8_MW VALUES(5,6,1150)
INSERT INTO PROP_POWER_CURVE_8_MW VALUES(6,7,1850)
INSERT INTO PROP_POWER_CURVE_8_MW VALUES(7,8,2900)
INSERT INTO PROP_POWER_CURVE_8_MW VALUES(8,9,4150)
INSERT INTO PROP_POWER_CURVE_8_MW VALUES(9,10,5600)
INSERT INTO PROP_POWER_CURVE_8_MW VALUES(10,11,7100)
INSERT INTO PROP_POWER_CURVE_8_MW VALUES(11,12,7800)
INSERT INTO PROP_POWER_CURVE_8_MW VALUES(12,13,8000)
INSERT INTO PROP_POWER_CURVE_8_MW VALUES(13,14,8000)
INSERT INTO PROP_POWER_CURVE_8_MW VALUES(14,15,8000)
INSERT INTO PROP_POWER_CURVE_8_MW VALUES(15,16,8000)
INSERT INTO PROP_POWER_CURVE_8_MW VALUES(16,17,8000)
INSERT INTO PROP_POWER_CURVE_8_MW VALUES(17,18,8000)
INSERT INTO PROP_POWER_CURVE_8_MW VALUES(18,19,8000)
INSERT INTO PROP_POWER_CURVE_8_MW VALUES(19,20,8000)
INSERT INTO PROP_POWER_CURVE_8_MW VALUES(20,21,8000)
INSERT INTO PROP_POWER_CURVE_8_MW VALUES(21,22,8000)
INSERT INTO PROP_POWER_CURVE_8_MW VALUES(22,23,8000)
INSERT INTO PROP_POWER_CURVE_8_MW VALUES(23,24,8000)
INSERT INTO PROP_POWER_CURVE_8_MW VALUES(24,25,8000)
COMMIT
INSERT INTO PROP_POWER_CURVE_4_2_MW VALUES(0,3,81,0.28E0,1,0.1E0)
INSERT INTO PROP_POWER_CURVE_4_2_MW VALUES(1,4,285,0.41E0,2,0.1E0)
INSERT INTO PROP_POWER_CURVE_4_2_MW VALUES(2,5,597,0.44E0,3,0.1E0)
INSERT INTO PROP_POWER_CURVE_4_2_MW VALUES(3,6,1062,0.45E0,4,0.8E0)
INSERT INTO PROP_POWER_CURVE_4_2_MW VALUES(4,7,1709,0.46E0,5,0.82E0)
INSERT INTO PROP_POWER_CURVE_4_2_MW VALUES(5,8,2545,0.46E0,6,0.84E0)
INSERT INTO PROP_POWER_CURVE_4_2_MW VALUES(6,9,3458,0.44E0,7,0.79E0)
INSERT INTO PROP_POWER_CURVE_4_2_MW VALUES(7,10,4038,0.37E0,8,0.72E0)
INSERT INTO PROP_POWER_CURVE_4_2_MW VALUES(8,11,4191,0.29E0,9,0.66E0)
INSERT INTO PROP_POWER_CURVE_4_2_MW VALUES(9,12,4200,0.22E0,10,0.59E0)
INSERT INTO PROP_POWER_CURVE_4_2_MW VALUES(10,13,4200,0.18E0,11,0.53E0)
INSERT INTO PROP_POWER_CURVE_4_2_MW VALUES(11,14,4200,0.14E0,12,0.46E0)
INSERT INTO PROP_POWER_CURVE_4_2_MW VALUES(12,15,4200,0.11E0,13,0.4E0)
INSERT INTO PROP_POWER_CURVE_4_2_MW VALUES(13,16,4200,0.09E0,14,0.33E0)
INSERT INTO PROP_POWER_CURVE_4_2_MW VALUES(14,17,4200,0.08E0,15,0.28E0)
INSERT INTO PROP_POWER_CURVE_4_2_MW VALUES(15,18,4200,0.07E0,16,0.23E0)
INSERT INTO PROP_POWER_CURVE_4_2_MW VALUES(16,19,4200,0.06E0,17,0.2E0)
INSERT INTO PROP_POWER_CURVE_4_2_MW VALUES(17,20,4200,0.05E0,18,0.16E0)
INSERT INTO PROP_POWER_CURVE_4_2_MW VALUES(18,21,3870,0.04E0,19,0.13E0)
INSERT INTO PROP_POWER_CURVE_4_2_MW VALUES(19,22,3745,0.03E0,20,0.12E0)
INSERT INTO PROP_POWER_CURVE_4_2_MW VALUES(20,23,1805,0.01E0,21,0.12E0)
INSERT INTO PROP_POWER_CURVE_4_2_MW VALUES(21,24,1283,0.01E0,22,0.11E0)
COMMIT
DISCONNECT
/*C25*/SET SCHEMA PUBLIC
DISCONNECT
/*C23*/DISCONNECT
/*C27*/SET SCHEMA PUBLIC
DISCONNECT
/*C26*/SET SCHEMA PUBLIC
DISCONNECT
/*C28*/SET SCHEMA PUBLIC
DISCONNECT
/*C29*/SET SCHEMA PUBLIC
DISCONNECT
/*C30*/SET SCHEMA PUBLIC
DISCONNECT
/*C31*/SET SCHEMA PUBLIC
DROP TABLE prop_power_curve_3_mw CASCADE 
DELETE FROM AL_TABLES WHERE TABLE_NAME='prop_power_curve_3_mw'
COMMIT
DROP TABLE prop_power_curve_4_2_mw CASCADE 
DELETE FROM AL_TABLES WHERE TABLE_NAME='prop_power_curve_4_2_mw'
COMMIT
DROP TABLE prop_power_curve_8_mw CASCADE 
DELETE FROM AL_TABLES WHERE TABLE_NAME='prop_power_curve_8_mw'
COMMIT
CREATE TABLE prop_power_curve_4_2_mw ( al_id INT IDENTITY , wind_speed_ms INTEGER NULL , power_k_w INTEGER NULL , ce DOUBLE NULL , w INTEGER NULL , ct DOUBLE NULL ) 
INSERT INTO AL_TABLES VALUES('prop_power_curve_4_2_mw',NULL,'')
COMMIT
CREATE TABLE prop_power_curve_8_mw ( al_id INT IDENTITY , m_s INTEGER NULL , kw INTEGER NULL ) 
INSERT INTO AL_TABLES VALUES('prop_power_curve_8_mw',NULL,'')
COMMIT
CREATE TABLE prop_power_curve_3_mw ( al_id INT IDENTITY , m_s DOUBLE NULL , k_w DOUBLE NULL ) 
INSERT INTO AL_TABLES VALUES('prop_power_curve_3_mw',NULL,'')
COMMIT
/*C32*/SET SCHEMA PUBLIC
INSERT INTO PROP_POWER_CURVE_4_2_MW VALUES(0,3,81,0.28E0,1,0.1E0)
INSERT INTO PROP_POWER_CURVE_4_2_MW VALUES(1,4,285,0.41E0,2,0.1E0)
INSERT INTO PROP_POWER_CURVE_4_2_MW VALUES(2,5,597,0.44E0,3,0.1E0)
INSERT INTO PROP_POWER_CURVE_4_2_MW VALUES(3,6,1062,0.45E0,4,0.8E0)
INSERT INTO PROP_POWER_CURVE_4_2_MW VALUES(4,7,1709,0.46E0,5,0.82E0)
INSERT INTO PROP_POWER_CURVE_4_2_MW VALUES(5,8,2545,0.46E0,6,0.84E0)
INSERT INTO PROP_POWER_CURVE_4_2_MW VALUES(6,9,3458,0.44E0,7,0.79E0)
INSERT INTO PROP_POWER_CURVE_4_2_MW VALUES(7,10,4038,0.37E0,8,0.72E0)
INSERT INTO PROP_POWER_CURVE_4_2_MW VALUES(8,11,4191,0.29E0,9,0.66E0)
INSERT INTO PROP_POWER_CURVE_4_2_MW VALUES(9,12,4200,0.22E0,10,0.59E0)
INSERT INTO PROP_POWER_CURVE_4_2_MW VALUES(10,13,4200,0.18E0,11,0.53E0)
INSERT INTO PROP_POWER_CURVE_4_2_MW VALUES(11,14,4200,0.14E0,12,0.46E0)
INSERT INTO PROP_POWER_CURVE_4_2_MW VALUES(12,15,4200,0.11E0,13,0.4E0)
INSERT INTO PROP_POWER_CURVE_4_2_MW VALUES(13,16,4200,0.09E0,14,0.33E0)
INSERT INTO PROP_POWER_CURVE_4_2_MW VALUES(14,17,4200,0.08E0,15,0.28E0)
INSERT INTO PROP_POWER_CURVE_4_2_MW VALUES(15,18,4200,0.07E0,16,0.23E0)
INSERT INTO PROP_POWER_CURVE_4_2_MW VALUES(16,19,4200,0.06E0,17,0.2E0)
INSERT INTO PROP_POWER_CURVE_4_2_MW VALUES(17,20,4200,0.05E0,18,0.16E0)
INSERT INTO PROP_POWER_CURVE_4_2_MW VALUES(18,21,3870,0.04E0,19,0.13E0)
INSERT INTO PROP_POWER_CURVE_4_2_MW VALUES(19,22,3745,0.03E0,20,0.12E0)
INSERT INTO PROP_POWER_CURVE_4_2_MW VALUES(20,23,1805,0.01E0,21,0.12E0)
INSERT INTO PROP_POWER_CURVE_4_2_MW VALUES(21,24,1283,0.01E0,22,0.11E0)
COMMIT
INSERT INTO PROP_POWER_CURVE_8_MW VALUES(0,1,0)
INSERT INTO PROP_POWER_CURVE_8_MW VALUES(1,2,0)
INSERT INTO PROP_POWER_CURVE_8_MW VALUES(2,3,0)
INSERT INTO PROP_POWER_CURVE_8_MW VALUES(3,4,100)
INSERT INTO PROP_POWER_CURVE_8_MW VALUES(4,5,650)
INSERT INTO PROP_POWER_CURVE_8_MW VALUES(5,6,1150)
INSERT INTO PROP_POWER_CURVE_8_MW VALUES(6,7,1850)
INSERT INTO PROP_POWER_CURVE_8_MW VALUES(7,8,2900)
INSERT INTO PROP_POWER_CURVE_8_MW VALUES(8,9,4150)
INSERT INTO PROP_POWER_CURVE_8_MW VALUES(9,10,5600)
INSERT INTO PROP_POWER_CURVE_8_MW VALUES(10,11,7100)
INSERT INTO PROP_POWER_CURVE_8_MW VALUES(11,12,7800)
INSERT INTO PROP_POWER_CURVE_8_MW VALUES(12,13,8000)
INSERT INTO PROP_POWER_CURVE_8_MW VALUES(13,14,8000)
INSERT INTO PROP_POWER_CURVE_8_MW VALUES(14,15,8000)
INSERT INTO PROP_POWER_CURVE_8_MW VALUES(15,16,8000)
INSERT INTO PROP_POWER_CURVE_8_MW VALUES(16,17,8000)
INSERT INTO PROP_POWER_CURVE_8_MW VALUES(17,18,8000)
INSERT INTO PROP_POWER_CURVE_8_MW VALUES(18,19,8000)
INSERT INTO PROP_POWER_CURVE_8_MW VALUES(19,20,8000)
INSERT INTO PROP_POWER_CURVE_8_MW VALUES(20,21,8000)
INSERT INTO PROP_POWER_CURVE_8_MW VALUES(21,22,8000)
INSERT INTO PROP_POWER_CURVE_8_MW VALUES(22,23,8000)
INSERT INTO PROP_POWER_CURVE_8_MW VALUES(23,24,8000)
INSERT INTO PROP_POWER_CURVE_8_MW VALUES(24,25,8000)
COMMIT
INSERT INTO PROP_POWER_CURVE_3_MW VALUES(0,3.0E0,31.232E0)
INSERT INTO PROP_POWER_CURVE_3_MW VALUES(1,3.285E0,77.044E0)
INSERT INTO PROP_POWER_CURVE_3_MW VALUES(2,3.56E0,115.345E0)
INSERT INTO PROP_POWER_CURVE_3_MW VALUES(3,3.7E0,140.656E0)
INSERT INTO PROP_POWER_CURVE_3_MW VALUES(4,3.84E0,170.793E0)
INSERT INTO PROP_POWER_CURVE_3_MW VALUES(5,3.98E0,204.305E0)
INSERT INTO PROP_POWER_CURVE_3_MW VALUES(6,4.12E0,239.74E0)
INSERT INTO PROP_POWER_CURVE_3_MW VALUES(7,4.26E0,275.648E0)
INSERT INTO PROP_POWER_CURVE_3_MW VALUES(8,4.4E0,310.576E0)
INSERT INTO PROP_POWER_CURVE_3_MW VALUES(9,4.54E0,343.072E0)
INSERT INTO PROP_POWER_CURVE_3_MW VALUES(10,4.68E0,371.685E0)
INSERT INTO PROP_POWER_CURVE_3_MW VALUES(11,4.82E0,394.963E0)
INSERT INTO PROP_POWER_CURVE_3_MW VALUES(12,4.96E0,435.605E0)
INSERT INTO PROP_POWER_CURVE_3_MW VALUES(13,5.1E0,478.633E0)
INSERT INTO PROP_POWER_CURVE_3_MW VALUES(14,5.24E0,514.923E0)
INSERT INTO PROP_POWER_CURVE_3_MW VALUES(15,5.38E0,552.843E0)
INSERT INTO PROP_POWER_CURVE_3_MW VALUES(16,5.52E0,580.956E0)
INSERT INTO PROP_POWER_CURVE_3_MW VALUES(17,5.66E0,637.821E0)
INSERT INTO PROP_POWER_CURVE_3_MW VALUES(18,5.8E0,685.648E0)
INSERT INTO PROP_POWER_CURVE_3_MW VALUES(19,5.94E0,743.515E0)
INSERT INTO PROP_POWER_CURVE_3_MW VALUES(20,6.08E0,774.769E0)
INSERT INTO PROP_POWER_CURVE_3_MW VALUES(21,6.22E0,831.85E0)
INSERT INTO PROP_POWER_CURVE_3_MW VALUES(22,6.36E0,895.446E0)
INSERT INTO PROP_POWER_CURVE_3_MW VALUES(23,6.5E0,963.403E0)
INSERT INTO PROP_POWER_CURVE_3_MW VALUES(24,6.64E0,1041.207E0)
INSERT INTO PROP_POWER_CURVE_3_MW VALUES(25,6.78E0,1109.552E0)
INSERT INTO PROP_POWER_CURVE_3_MW VALUES(26,6.92E0,1189.572E0)
INSERT INTO PROP_POWER_CURVE_3_MW VALUES(27,7.06E0,1259.943E0)
INSERT INTO PROP_POWER_CURVE_3_MW VALUES(28,7.2E0,1333.801E0)
INSERT INTO PROP_POWER_CURVE_3_MW VALUES(29,7.34E0,1425.692E0)
INSERT INTO PROP_POWER_CURVE_3_MW VALUES(30,7.48E0,1541.704E0)
INSERT INTO PROP_POWER_CURVE_3_MW VALUES(31,7.62E0,1616.968E0)
INSERT INTO PROP_POWER_CURVE_3_MW VALUES(32,7.76E0,1736.938E0)
INSERT INTO PROP_POWER_CURVE_3_MW VALUES(33,7.9E0,1820.572E0)
INSERT INTO PROP_POWER_CURVE_3_MW VALUES(34,8.04E0,1887.371E0)
INSERT INTO PROP_POWER_CURVE_3_MW VALUES(35,8.18E0,1955.498E0)
INSERT INTO PROP_POWER_CURVE_3_MW VALUES(36,8.32E0,2053.232E0)
INSERT INTO PROP_POWER_CURVE_3_MW VALUES(37,8.46E0,2126.206E0)
INSERT INTO PROP_POWER_CURVE_3_MW VALUES(38,8.6E0,2184.142E0)
INSERT INTO PROP_POWER_CURVE_3_MW VALUES(39,8.74E0,2255.27E0)
INSERT INTO PROP_POWER_CURVE_3_MW VALUES(40,8.88E0,2316.292E0)
INSERT INTO PROP_POWER_CURVE_3_MW VALUES(41,9.02E0,2376.955E0)
INSERT INTO PROP_POWER_CURVE_3_MW VALUES(42,9.16E0,2408.429E0)
INSERT INTO PROP_POWER_CURVE_3_MW VALUES(43,9.3E0,2456.135E0)
INSERT INTO PROP_POWER_CURVE_3_MW VALUES(44,9.44E0,2510.53E0)
INSERT INTO PROP_POWER_CURVE_3_MW VALUES(45,9.58E0,2567.133E0)
INSERT INTO PROP_POWER_CURVE_3_MW VALUES(46,9.72E0,2621.466E0)
INSERT INTO PROP_POWER_CURVE_3_MW VALUES(47,9.86E0,2669.05E0)
INSERT INTO PROP_POWER_CURVE_3_MW VALUES(48,10.0E0,2706.388E0)
INSERT INTO PROP_POWER_CURVE_3_MW VALUES(49,10.14E0,2749.067E0)
INSERT INTO PROP_POWER_CURVE_3_MW VALUES(50,10.28E0,2775.356E0)
INSERT INTO PROP_POWER_CURVE_3_MW VALUES(51,10.42E0,2808.667E0)
INSERT INTO PROP_POWER_CURVE_3_MW VALUES(52,10.56E0,2847.914E0)
INSERT INTO PROP_POWER_CURVE_3_MW VALUES(53,10.7E0,2888.377E0)
INSERT INTO PROP_POWER_CURVE_3_MW VALUES(54,10.84E0,2925.336E0)
INSERT INTO PROP_POWER_CURVE_3_MW VALUES(55,10.98E0,2954.07E0)
INSERT INTO PROP_POWER_CURVE_3_MW VALUES(56,11.12E0,2967.777E0)
INSERT INTO PROP_POWER_CURVE_3_MW VALUES(57,11.26E0,2982.788E0)
INSERT INTO PROP_POWER_CURVE_3_MW VALUES(58,11.4E0,2990.92E0)
INSERT INTO PROP_POWER_CURVE_3_MW VALUES(59,11.986E0,3000.0E0)
INSERT INTO PROP_POWER_CURVE_3_MW VALUES(60,12.879E0,3000.0E0)
INSERT INTO PROP_POWER_CURVE_3_MW VALUES(61,22.5E0,3000.0E0)
COMMIT
DISCONNECT
/*C33*/SET SCHEMA PUBLIC
DISCONNECT
